Compilación iniciada a las 15/12/2018 11:04:28.
     1>Proyecto "C:\Users\PcCom\Desktop\UNIVERSIDAD\UCM\CUARTO\SonidoVJ\ProyectoFinalSonido\LooperBasico\LooperBasico.vcxproj" en el nodo 2 (Rebuild destinos).
     1>C:\Program Files (x86)\MSBuild\Microsoft.Cpp\v4.0\V120\Microsoft.CppBuild.targets(356,5): warning MSB8004: Intermediate Directory does not end with a trailing slash.  This build instance will add the slash as it is required to allow proper evaluation of the Intermediate Directory.
     1>C:\Program Files (x86)\MSBuild\Microsoft.Cpp\v4.0\V120\Microsoft.CppBuild.targets(357,5): warning MSB8004: Output Directory does not end with a trailing slash.  This build instance will add the slash as it is required to allow proper evaluation of the Output Directory.
     1>ClCompile:
         C:\Program Files (x86)\Microsoft Visual Studio 12.0\VC\bin\x86_amd64\CL.exe /c /IC:\Users\PcCom\Desktop\UNIVERSIDAD\UCM\CUARTO\SonidoVJ\ProyectoFinalSonido\Depen/inc /Zi /nologo /W3 /WX- /sdl /O2 /Oi /D _MBCS /Gm- /EHsc /MD /GS /Gy /fp:precise /Zc:wchar_t /Zc:forScope /Fo"C:\Users\PcCom\Desktop\UNIVERSIDAD\UCM\CUARTO\SonidoVJ\ProyectoFinalSonido\Intermediates\\" /Fd"C:\Users\PcCom\Desktop\UNIVERSIDAD\UCM\CUARTO\SonidoVJ\ProyectoFinalSonido\Intermediates\vc120.pdb" /Gd /TP /errorReport:prompt ..\Src\Looper.cpp ..\Src\LooperChannel.cpp ..\Src\main.cpp ..\Src\Texto.cpp
         Looper.cpp
     1>..\Src\Looper.cpp(252): warning C4244: '=' : conversión de 'float' a 'short'; posible pérdida de datos
         LooperChannel.cpp
         main.cpp
         Texto.cpp
         Generando código...
     1>c:\users\pccom\desktop\universidad\ucm\cuarto\sonidovj\proyectofinalsonido\src\utilities.h(9): warning C4715: 'ERRCHECK' : no todas las rutas de acceso de control devuelven un valor
       Link:
         C:\Program Files (x86)\Microsoft Visual Studio 12.0\VC\bin\x86_amd64\link.exe /ERRORREPORT:PROMPT /OUT:"C:\Users\PcCom\Desktop\UNIVERSIDAD\UCM\CUARTO\SonidoVJ\ProyectoFinalSonido\Exes\Release\LooperBasico.exe" /NOLOGO /LIBPATH:C:\Users\PcCom\Desktop\UNIVERSIDAD\UCM\CUARTO\SonidoVJ\ProyectoFinalSonido\Depen/lib fmodL64_vc.lib SDL2.lib SDL2main.lib SDL2_image.lib SDL2_ttf.lib kernel32.lib user32.lib gdi32.lib winspool.lib comdlg32.lib advapi32.lib shell32.lib ole32.lib oleaut32.lib uuid.lib odbc32.lib odbccp32.lib /MANIFEST /MANIFESTUAC:"level='asInvoker' uiAccess='false'" /manifest:embed /PDB:"C:\Users\PcCom\Desktop\UNIVERSIDAD\UCM\CUARTO\SonidoVJ\ProyectoFinalSonido\Exes\Release\LooperBasico.pdb" /SUBSYSTEM:WINDOWS /OPT:REF /OPT:ICF /TLBID:1 /DYNAMICBASE /NXCOMPAT /IMPLIB:"C:\Users\PcCom\Desktop\UNIVERSIDAD\UCM\CUARTO\SonidoVJ\ProyectoFinalSonido\Exes\Release\LooperBasico.lib" /MACHINE:X64 C:\Users\PcCom\Desktop\UNIVERSIDAD\UCM\CUARTO\SonidoVJ\ProyectoFinalSonido\Intermediates\Looper.obj
         C:\Users\PcCom\Desktop\UNIVERSIDAD\UCM\CUARTO\SonidoVJ\ProyectoFinalSonido\Intermediates\LooperChannel.obj
         C:\Users\PcCom\Desktop\UNIVERSIDAD\UCM\CUARTO\SonidoVJ\ProyectoFinalSonido\Intermediates\main.obj
         C:\Users\PcCom\Desktop\UNIVERSIDAD\UCM\CUARTO\SonidoVJ\ProyectoFinalSonido\Intermediates\Texto.obj
         LooperBasico.vcxproj -> C:\Users\PcCom\Desktop\UNIVERSIDAD\UCM\CUARTO\SonidoVJ\ProyectoFinalSonido\Exes\Release\LooperBasico.exe
     1>Compilación del proyecto terminada "C:\Users\PcCom\Desktop\UNIVERSIDAD\UCM\CUARTO\SonidoVJ\ProyectoFinalSonido\LooperBasico\LooperBasico.vcxproj" (Rebuild destinos).

Compilación correcta.

Tiempo transcurrido 00:00:03.63
